<?xml version="1.0" encoding="UTF-8"?>
<!-- Generated by org.testng.reporters.JUnitXMLReporter -->
<testsuite hostname="ria" ignored="0" name="Automation Test Report" tests="4" failures="0" timestamp="01 Apr 2019 15:52:21 GMT" time="283.944" errors="0">
  <testcase name="feature" time="120.16" classname="com.testautomation.TestRunner.TestRunner"/>
  <testcase name="feature" time="57.104" classname="com.testautomation.TestRunner.TestRunner"/>
  <testcase name="feature" time="52.98" classname="com.testautomation.TestRunner.TestRunner"/>
  <testcase name="feature" time="51.38" classname="com.testautomation.TestRunner.TestRunner"/>
</testsuite> <!-- Automation Test Report -->
