<?xml version="1.0" encoding="UTF-8"?>
<testng-results skipped="0" failed="0" ignored="0" total="4" passed="4">
  <reporter-output>
  </reporter-output>
  <suite name="Automation Test Report" duration-ms="283944" started-at="2019-04-01T15:47:35Z" finished-at="2019-04-01T15:52:19Z">
    <groups>
    </groups>
    <test name="Automation Test Report" duration-ms="283944" started-at="2019-04-01T15:47:35Z" finished-at="2019-04-01T15:52:19Z">
      <class name="com.testautomation.TestRunner.TestRunner">
        <test-method status="PASS" signature="setUpClass()[pri:0, instance:com.testautomation.TestRunner.TestRunner@239963d8]" name="setUpClass" is-config="true" duration-ms="507" started-at="2019-04-01T21:17:36Z" finished-at="2019-04-01T21:17:37Z">
          <reporter-output>
          </reporter-output>
        </test-method> <!-- setUpClass -->
        <test-method status="PASS" signature="feature(cucumber.api.testng.PickleEventWrapper, cucumber.api.testng.CucumberFeatureWrapper)[pri:0, instance:com.testautomation.TestRunner.TestRunner@239963d8]" name="feature" duration-ms="120160" started-at="2019-04-01T21:17:37Z" data-provider="features" finished-at="2019-04-01T21:19:37Z">
          <params>
            <param index="0">
              <value>
                <![CDATA["Youtube channel name validations1"]]>
              </value>
            </param>
            <param index="1">
              <value>
                <![CDATA["Youtube channel name validation"]]>
              </value>
            </param>
          </params>
          <reporter-output>
          </reporter-output>
        </test-method> <!-- feature -->
        <test-method status="PASS" signature="feature(cucumber.api.testng.PickleEventWrapper, cucumber.api.testng.CucumberFeatureWrapper)[pri:0, instance:com.testautomation.TestRunner.TestRunner@239963d8]" name="feature" duration-ms="57104" started-at="2019-04-01T21:19:37Z" data-provider="features" finished-at="2019-04-01T21:20:34Z">
          <params>
            <param index="0">
              <value>
                <![CDATA["Youtube channel name validations2"]]>
              </value>
            </param>
            <param index="1">
              <value>
                <![CDATA["Youtube channel name validation"]]>
              </value>
            </param>
          </params>
          <reporter-output>
          </reporter-output>
        </test-method> <!-- feature -->
        <test-method status="PASS" signature="feature(cucumber.api.testng.PickleEventWrapper, cucumber.api.testng.CucumberFeatureWrapper)[pri:0, instance:com.testautomation.TestRunner.TestRunner@239963d8]" name="feature" duration-ms="52980" started-at="2019-04-01T21:20:34Z" data-provider="features" finished-at="2019-04-01T21:21:27Z">
          <params>
            <param index="0">
              <value>
                <![CDATA["Youtube channel name validations3"]]>
              </value>
            </param>
            <param index="1">
              <value>
                <![CDATA["Youtube channel name validation"]]>
              </value>
            </param>
          </params>
          <reporter-output>
          </reporter-output>
        </test-method> <!-- feature -->
        <test-method status="PASS" signature="feature(cucumber.api.testng.PickleEventWrapper, cucumber.api.testng.CucumberFeatureWrapper)[pri:0, instance:com.testautomation.TestRunner.TestRunner@239963d8]" name="feature" duration-ms="51380" started-at="2019-04-01T21:21:27Z" data-provider="features" finished-at="2019-04-01T21:22:19Z">
          <params>
            <param index="0">
              <value>
                <![CDATA["Youtube channel name validations4"]]>
              </value>
            </param>
            <param index="1">
              <value>
                <![CDATA["Youtube channel name validation"]]>
              </value>
            </param>
          </params>
          <reporter-output>
          </reporter-output>
        </test-method> <!-- feature -->
        <test-method status="PASS" signature="tearDownClass()[pri:0, instance:com.testautomation.TestRunner.TestRunner@239963d8]" name="tearDownClass" is-config="true" duration-ms="46" started-at="2019-04-01T21:22:19Z" finished-at="2019-04-01T21:22:19Z">
          <reporter-output>
          </reporter-output>
        </test-method> <!-- tearDownClass -->
      </class> <!-- com.testautomation.TestRunner.TestRunner -->
    </test> <!-- Automation Test Report -->
  </suite> <!-- Automation Test Report -->
</testng-results>
