<?xml version="1.0" encoding="UTF-8"?>
<!-- Generated by org.testng.reporters.JUnitXMLReporter -->
<testsuite hostname="ria" ignored="0" name="Default test" tests="1" failures="1" timestamp="31 Mar 2019 15:49:38 GMT" time="0.819" errors="0">
  <testcase name="feature" time="0.367" classname="com.testautomation.TestRunner.TestRunner">
    <failure type="java.lang.NullPointerException">
      <![CDATA[java.lang.NullPointerException
	at com.testautomation.Listeners.ExtentReportListener.testStepHandle(ExtentReportListener.java:48)
	at com.testautomation.StepDef.YoutubeChannelValidationStepDef.open_chrome_browser_with_url(YoutubeChannelValidationStepDef.java:49)
	at ✽.Open chrome browser with url(./features/CucumberGroupsOrTags.feature:7)
]]>
    </failure>
  </testcase> <!-- feature -->
</testsuite> <!-- Default test -->
